<?xml version="1.0" encoding="UTF-8"?>
<testng-results ignored="0" total="1" passed="1" failed="0" skipped="0">
  <reporter-output>
  </reporter-output>
  <suite started-at="2023-05-08T14:20:09 IST" name="Default suite" finished-at="2023-05-08T14:20:11 IST" duration-ms="1662">
    <groups>
      <group name="cucumber">
        <method signature="AbstractTestNGCucumberTests.runScenario(io.cucumber.testng.PickleEventWrapper,io.cucumber.testng.CucumberFeatureWrapper)[pri:0, instance:org.example.TestRunner@3b0fe47a]" name="runScenario" class="io.cucumber.testng.AbstractTestNGCucumberTests"/>
      </group> <!-- cucumber -->
    </groups>
    <test started-at="2023-05-08T14:20:09 IST" name="Default test" finished-at="2023-05-08T14:20:11 IST" duration-ms="1662">
      <class name="org.example.TestRunner">
        <test-method is-config="true" signature="setUpClass()[pri:0, instance:org.example.TestRunner@3b0fe47a]" started-at="2023-05-08T14:20:09 IST" name="setUpClass" finished-at="2023-05-08T14:20:09 IST" duration-ms="94" status="PASS">
          <reporter-output>
          </reporter-output>
        </test-method> <!-- setUpClass -->
        <test-method signature="runScenario(io.cucumber.testng.PickleEventWrapper,io.cucumber.testng.CucumberFeatureWrapper)[pri:0, instance:org.example.TestRunner@3b0fe47a]" started-at="2023-05-08T14:20:09 IST" name="runScenario" description="Runs Cucumber Scenarios" data-provider="scenarios" finished-at="2023-05-08T14:20:11 IST" duration-ms="1476" status="PASS">
          <params>
            <param index="0">
              <value>
                <![CDATA["Verify add service with JSON file"]]>
              </value>
            </param>
            <param index="1">
              <value>
                <![CDATA["Demo Calc with example"]]>
              </value>
            </param>
          </params>
          <reporter-output>
          </reporter-output>
        </test-method> <!-- runScenario -->
        <test-method is-config="true" signature="tearDownClass()[pri:0, instance:org.example.TestRunner@3b0fe47a]" started-at="2023-05-08T14:20:11 IST" name="tearDownClass" finished-at="2023-05-08T14:20:11 IST" duration-ms="18" status="PASS">
          <reporter-output>
          </reporter-output>
        </test-method> <!-- tearDownClass -->
      </class> <!-- org.example.TestRunner -->
    </test> <!-- Default test -->
  </suite> <!-- Default suite -->
</testng-results>
